<?xml version="1.0" encoding="UTF-8"?>
<!-- Generated by org.testng.reporters.JUnitReportReporter -->
<testsuite hostname="DESKTOP-G0B7K2D" failures="0" tests="1" name="Academy.ValidateNavigationBar" time="25.421" errors="0" timestamp="2022-07-18T02:10:14 CDT" skipped="0">
  <testcase classname="Academy.ValidateNavigationBar" name="basePageNavigation" time="25.421"/>
  <system-out/>
</testsuite> <!-- Academy.ValidateNavigationBar -->
