<?xml version="1.0" encoding="UTF-8"?>
<!-- Generated by org.testng.reporters.JUnitReportReporter -->
<testsuite hostname="DESKTOP-G0B7K2D" failures="0" tests="2" name="Academy.HomePage" time="49.680" errors="0" timestamp="2022-07-18T02:08:12 CDT" skipped="0">
  <testcase classname="Academy.HomePage" name="basePageNavigation" time="16.989"/>
  <system-out/>
  <testcase classname="Academy.HomePage" name="basePageNavigation" time="32.691"/>
  <system-out/>
</testsuite> <!-- Academy.HomePage -->
