<?xml version="1.0" encoding="UTF-8"?>
<!-- Generated by org.testng.reporters.JUnitReportReporter -->
<testsuite hostname="DESKTOP-G0B7K2D" failures="0" tests="2" name="qaclickacademy.MavenJAVA.SeleniumTest" time="0.001" errors="0" timestamp="11 Jun 2022 01:14:06 GMT" skipped="0">
  <testcase classname="qaclickacademy.MavenJAVA.SeleniumTest" name="elementsUi" time="0.000"/>
  <testcase classname="qaclickacademy.MavenJAVA.SeleniumTest" name="BrowserAutomation" time="0.001"/>
</testsuite> <!-- qaclickacademy.MavenJAVA.SeleniumTest -->
