<?xml version="1.0" encoding="UTF-8"?>
<!-- Generated by org.testng.reporters.JUnitReportReporter -->
<testsuite hostname="DESKTOP-G0B7K2D" failures="0" tests="2" name="qaclickacademy.MavenJAVA.AppiumTest" time="0.004" errors="0" timestamp="11 Jun 2022 01:14:06 GMT" skipped="0">
  <testcase classname="qaclickacademy.MavenJAVA.AppiumTest" name="IOSApps" time="0.004"/>
  <testcase classname="qaclickacademy.MavenJAVA.AppiumTest" name="NativeAppAndroid" time="0.000"/>
</testsuite> <!-- qaclickacademy.MavenJAVA.AppiumTest -->
