<?xml version="1.0" encoding="UTF-8"?>
<!-- Generated by org.testng.reporters.JUnitReportReporter -->
<testsuite hostname="DESKTOP-G0B7K2D" failures="0" tests="2" name="qaclickacademy.MavenJAVA.RESTAPITest" time="0.000" errors="0" timestamp="11 Jun 2022 01:13:49 GMT" skipped="0">
  <testcase classname="qaclickacademy.MavenJAVA.RESTAPITest" name="postjira" time="0.000"/>
  <testcase classname="qaclickacademy.MavenJAVA.RESTAPITest" name="deleteTwitter" time="0.000"/>
</testsuite> <!-- qaclickacademy.MavenJAVA.RESTAPITest -->
