<?xml version="1.0" encoding="UTF-8"?>
<!-- Generated by org.testng.reporters.JUnitReportReporter -->
<testsuite hostname="DESKTOP-G0B7K2D" failures="0" tests="1" name="testcases.Loginapplication" time="13.617" errors="0" timestamp="2022-06-24T00:15:41 CDT" skipped="0">
  <testcase classname="testcases.Loginapplication" name="Login" time="13.617"/>
  <system-out/>
</testsuite> <!-- testcases.Loginapplication -->
