<?xml version="1.0" encoding="UTF-8"?>
<!-- Generated by org.testng.reporters.JUnitReportReporter -->
<testsuite hostname="DESKTOP-G0B7K2D" failures="0" tests="1" name="qaclickacademy.ExtentReports.ExtentReportDemo" time="6.125" errors="0" timestamp="2022-06-13T18:55:50 CDT" skipped="0">
  <testcase classname="qaclickacademy.ExtentReports.ExtentReportDemo" name="initialdemo" time="6.125"/>
  <system-out/>
</testsuite> <!-- qaclickacademy.ExtentReports.ExtentReportDemo -->
